<?xml version="1.0" encoding="UTF-8"?>
<!-- Generated by org.testng.reporters.JUnitReportReporter -->
<testsuite hostname="sunny" failures="0" tests="1" name="com.amazon.testcases.YourAccountTestCases" time="35.108" errors="0" timestamp="2022-06-19T22:56:53 EDT" skipped="0">
  <testcase classname="com.amazon.testcases.YourAccountTestCases" name="yourAccount" time="35.108"/>
  <system-out/>
</testsuite> <!-- com.amazon.testcases.YourAccountTestCases -->
