<?xml version="1.0" encoding="UTF-8"?>
<!-- Generated by org.testng.reporters.JUnitReportReporter -->
<testsuite hostname="sunny" failures="0" tests="3" name="com.amazon.testcases.test" time="0.019" errors="0" timestamp="2022-05-22T22:21:08 EDT" skipped="0">
  <testcase classname="com.amazon.testcases.test" name="opn3" time="0.013"/>
  <system-out/>
  <testcase classname="com.amazon.testcases.test" name="opn4" time="0.004"/>
  <system-out/>
  <testcase classname="com.amazon.testcases.test" name="opn5" time="0.002"/>
  <system-out/>
</testsuite> <!-- com.amazon.testcases.test -->
